[    0.000000] Linux version 4.15.0-118-generic (buildd@lgw01-amd64-039) (gcc version 7.5.0 (Ubuntu 7.5.0-3ubuntu1~18.04)) #119-Ubuntu SMP Tue Sep 8 12:30:01 UTC 2020 (Ubuntu 4.15.0-118.119-generic 4.15.18)
[    0.000000] Command line: BOOT_IMAGE=/boot/vmlinuz-4.15.0-118-generic root=LABEL=cloudimg-rootfs ro console=tty1 console=ttyS0
[    0.000000] KERNEL supported cpus:
[    0.000000]   Intel GenuineIntel
[    0.000000]   AMD AuthenticAMD
[    0.000000]   Centaur CentaurHauls
[    0.000000] x86/fpu: Supporting XSAVE feature 0x001: 'x87 floating point registers'
[    0.000000] x86/fpu: Supporting XSAVE feature 0x002: 'SSE registers'
[    0.000000] x86/fpu: Supporting XSAVE feature 0x004: 'AVX registers'
[    0.000000] x86/fpu: xstate_offset[2]:  576, xstate_sizes[2]:  256
[    0.000000] x86/fpu: Enabled xstate features 0x7, context size is 832 bytes, using 'standard' format.
[    0.000000] e820: BIOS-provided physical RAM map:
[    0.000000] BIOS-e820: [mem 0x0000000000000000-0x000000000009fbff] usable
[    0.000000] BIOS-e820: [mem 0x000000000009fc00-0x000000000009ffff] reserved
[    0.000000] BIOS-e820: [mem 0x00000000000f0000-0x00000000000fffff] reserved
[    0.000000] BIOS-e820: [mem 0x0000000000100000-0x00000000dffeffff] usable
[    0.000000] BIOS-e820: [mem 0x00000000dfff0000-0x00000000dfffffff] ACPI data
[    0.000000] BIOS-e820: [mem 0x00000000fec00000-0x00000000fec00fff] reserved
[    0.000000] BIOS-e820: [mem 0x00000000fee00000-0x00000000fee00fff] reserved
[    0.000000] BIOS-e820: [mem 0x00000000fffc0000-0x00000000ffffffff] reserved
[    0.000000] BIOS-e820: [mem 0x0000000100000000-0x0000000290ffffff] usable
[    0.000000] NX (Execute Disable) protection: active
[    0.000000] SMBIOS 2.5 present.
[    0.000000] DMI: innotek GmbH VirtualBox/VirtualBox, BIOS VirtualBox 12/01/2006
[    0.000000] Hypervisor detected: KVM
[    0.000000] e820: last_pfn = 0x291000 max_arch_pfn = 0x400000000
[    0.000000] MTRR: Disabled
[    0.000000] x86/PAT: MTRRs disabled, skipping PAT initialization too.
[    0.000000] CPU MTRRs all blank - virtualized system.
[    0.000000] x86/PAT: Configuration [0-7]: WB  WT  UC- UC  WB  WT  UC- UC  
[    0.000000] e820: last_pfn = 0xdfff0 max_arch_pfn = 0x400000000
[    0.000000] found SMP MP-table at [mem 0x0009fff0-0x0009ffff]
[    0.000000] Scanning 1 areas for low memory corruption
[    0.000000] RAMDISK: [mem 0x35a67000-0x36d2afff]
[    0.000000] ACPI: Early table checksum verification disabled
[    0.000000] ACPI: RSDP 0x00000000000E0000 000024 (v02 VBOX  )
[    0.000000] ACPI: XSDT 0x00000000DFFF0030 00003C (v01 VBOX   VBOXXSDT 00000001 ASL  00000061)
[    0.000000] ACPI: FACP 0x00000000DFFF00F0 0000F4 (v04 VBOX   VBOXFACP 00000001 ASL  00000061)
[    0.000000] ACPI: DSDT 0x00000000DFFF0470 002325 (v02 VBOX   VBOXBIOS 00000002 INTL 20100528)
[    0.000000] ACPI: FACS 0x00000000DFFF0200 000040
[    0.000000] ACPI: FACS 0x00000000DFFF0200 000040
[    0.000000] ACPI: APIC 0x00000000DFFF0240 00005C (v02 VBOX   VBOXAPIC 00000001 ASL  00000061)
[    0.000000] ACPI: SSDT 0x00000000DFFF02A0 0001CC (v01 VBOX   VBOXCPUT 00000002 INTL 20100528)
[    0.000000] No NUMA configuration found
[    0.000000] Faking a node at [mem 0x0000000000000000-0x0000000290ffffff]
[    0.000000] NODE_DATA(0) allocated [mem 0x290fd0000-0x290ffafff]
[    0.000000] kvm-clock: cpu 0, msr 2:90f4f001, primary cpu clock
[    0.000000] kvm-clock: Using msrs 4b564d01 and 4b564d00
[    0.000000] kvm-clock: using sched offset of 3868628655 cycles
[    0.000000] clocksource: kvm-clock: mask: 0xffffffffffffffff max_cycles: 0x1cd42e4dffb, max_idle_ns: 881590591483 ns
[    0.000000] Zone ranges:
[    0.000000]   DMA      [mem 0x0000000000001000-0x0000000000ffffff]
[    0.000000]   DMA32    [mem 0x0000000001000000-0x00000000ffffffff]
[    0.000000]   Normal   [mem 0x0000000100000000-0x0000000290ffffff]
[    0.000000]   Device   empty
[    0.000000] Movable zone start for each node
[    0.000000] Early memory node ranges
[    0.000000]   node   0: [mem 0x0000000000001000-0x000000000009efff]
[    0.000000]   node   0: [mem 0x0000000000100000-0x00000000dffeffff]
[    0.000000]   node   0: [mem 0x0000000100000000-0x0000000290ffffff]
[    0.000000] Reserved but unavailable: 98 pages
[    0.000000] Initmem setup node 0 [mem 0x0000000000001000-0x0000000290ffffff]
[    0.000000] ACPI: PM-Timer IO Port: 0x4008
[    0.000000] IOAPIC[0]: apic_id 2, version 32, address 0xfec00000, GSI 0-23
[    0.000000] ACPI: INT_SRC_OVR (bus 0 bus_irq 0 global_irq 2 dfl dfl)
[    0.000000] ACPI: INT_SRC_OVR (bus 0 bus_irq 9 global_irq 9 low level)
[    0.000000] Using ACPI (MADT) for SMP configuration information
[    0.000000] smpboot: Allowing 2 CPUs, 0 hotplug CPUs
[    0.000000] PM: Registered nosave memory: [mem 0x00000000-0x00000fff]
[    0.000000] PM: Registered nosave memory: [mem 0x0009f000-0x0009ffff]
[    0.000000] PM: Registered nosave memory: [mem 0x000a0000-0x000effff]
[    0.000000] PM: Registered nosave memory: [mem 0x000f0000-0x000fffff]
[    0.000000] PM: Registered nosave memory: [mem 0xdfff0000-0xdfffffff]
[    0.000000] PM: Registered nosave memory: [mem 0xe0000000-0xfebfffff]
[    0.000000] PM: Registered nosave memory: [mem 0xfec00000-0xfec00fff]
[    0.000000] PM: Registered nosave memory: [mem 0xfec01000-0xfedfffff]
[    0.000000] PM: Registered nosave memory: [mem 0xfee00000-0xfee00fff]
[    0.000000] PM: Registered nosave memory: [mem 0xfee01000-0xfffbffff]
[    0.000000] PM: Registered nosave memory: [mem 0xfffc0000-0xffffffff]
[    0.000000] e820: [mem 0xe0000000-0xfebfffff] available for PCI devices
[    0.000000] Booting paravirtualized kernel on KVM
[    0.000000] clocksource: refined-jiffies: mask: 0xffffffff max_cycles: 0xffffffff, max_idle_ns: 7645519600211568 ns
[    0.000000] random: get_random_bytes called from start_kernel+0x99/0x500 with crng_init=0
[    0.000000] setup_percpu: NR_CPUS:8192 nr_cpumask_bits:2 nr_cpu_ids:2 nr_node_ids:1
[    0.000000] percpu: Embedded 45 pages/cpu s147456 r8192 d28672 u1048576
[    0.000000] PV qspinlock hash table entries: 256 (order: 0, 4096 bytes)
[    0.000000] Built 1 zonelists, mobility grouping on.  Total pages: 2519865
[    0.000000] Policy zone: Normal
[    0.000000] Kernel command line: BOOT_IMAGE=/boot/vmlinuz-4.15.0-118-generic root=LABEL=cloudimg-rootfs ro console=tty1 console=ttyS0
[    0.000000] Memory: 9963076K/10239544K available (12300K kernel code, 2482K rwdata, 4272K rodata, 2436K init, 2724K bss, 276468K reserved, 0K cma-reserved)
[    0.000000] SLUB: HWalign=64, Order=0-3, MinObjects=0, CPUs=2, Nodes=1
[    0.000000] Kernel/User page tables isolation: enabled
[    0.000000] ftrace: allocating 39396 entries in 154 pages
[    0.004000] Hierarchical RCU implementation.
[    0.004000] 	RCU restricting CPUs from NR_CPUS=8192 to nr_cpu_ids=2.
[    0.004000] 	Tasks RCU enabled.
[    0.004000] RCU: Adjusting geometry for rcu_fanout_leaf=16, nr_cpu_ids=2
[    0.004000] NR_IRQS: 524544, nr_irqs: 440, preallocated irqs: 16
[    0.004000] Console: colour VGA+ 80x25
[    0.004000] console [tty1] enabled
[    0.004000] console [ttyS0] enabled
[    0.004000] ACPI: Core revision 20170831
[    0.004000] ACPI: 2 ACPI AML tables successfully acquired and loaded
[    0.004000] APIC: Switch to symmetric I/O mode setup
[    0.004000] x2apic enabled
[    0.004000] Switched APIC routing to physical x2apic.
[    0.004000] ..TIMER: vector=0x30 apic1=0 pin1=2 apic2=-1 pin2=-1
[    0.004003] tsc: Detected 2303.998 MHz processor
[    0.005211] Calibrating delay loop (skipped) preset value.. 4607.99 BogoMIPS (lpj=9215992)
[    0.005493] pid_max: default: 32768 minimum: 301
[    0.008061] Security Framework initialized
[    0.008822] Yama: becoming mindful.
[    0.009496] AppArmor: AppArmor initialized
[    0.020170] Dentry cache hash table entries: 2097152 (order: 12, 16777216 bytes)
[    0.026917] Inode-cache hash table entries: 1048576 (order: 11, 8388608 bytes)
[    0.028035] Mount-cache hash table entries: 32768 (order: 6, 262144 bytes)
[    0.032020] Mountpoint-cache hash table entries: 32768 (order: 6, 262144 bytes)
[    0.034837] Last level iTLB entries: 4KB 64, 2MB 8, 4MB 8
[    0.036002] Last level dTLB entries: 4KB 64, 2MB 0, 4MB 0, 1GB 4
[    0.037173] Spectre V1 : Mitigation: usercopy/swapgs barriers and __user pointer sanitization
[    0.038699] Spectre V2 : Mitigation: Full generic retpoline
[    0.040002] Spectre V2 : Spectre v2 / SpectreRSB mitigation: Filling RSB on context switch
[    0.041473] Speculative Store Bypass: Vulnerable
[    0.042589] SRBDS: Unknown: Dependent on hypervisor status
[    0.043546] MDS: Mitigation: Clear CPU buffers
[    0.044172] Freeing SMP alternatives memory: 36K
[    0.156127] smpboot: CPU0: Intel(R) Core(TM) i5-8259U CPU @ 2.30GHz (family: 0x6, model: 0x8e, stepping: 0xa)
[    0.158546] Performance Events: unsupported p6 CPU model 142 no PMU driver, software events only.
[    0.160044] Hierarchical SRCU implementation.
[    0.161645] NMI watchdog: Perf event create on CPU 0 failed with -2
[    0.162769] NMI watchdog: Perf NMI watchdog permanently disabled
[    0.164040] smp: Bringing up secondary CPUs ...
[    0.164941] x86: Booting SMP configuration:
[    0.165718] .... node  #0, CPUs:      #1
[    0.004000] kvm-clock: cpu 1, msr 2:90f4f041, secondary cpu clock
[    0.170255] smp: Brought up 1 node, 2 CPUs
[    0.170255] smpboot: Max logical packages: 1
[    0.172005] smpboot: Total of 2 processors activated (9215.99 BogoMIPS)
[    0.173546] devtmpfs: initialized
[    0.173546] x86/mm: Memory block size: 128MB
[    0.174226] evm: security.selinux
[    0.176004] evm: security.SMACK64
[    0.176694] evm: security.SMACK64EXEC
[    0.177828] evm: security.SMACK64TRANSMUTE
[    0.178587] evm: security.SMACK64MMAP
[    0.179287] evm: security.apparmor
[    0.180003] evm: security.ima
[    0.180583] evm: security.capability
[    0.181297] clocksource: jiffies: mask: 0xffffffff max_cycles: 0xffffffff, max_idle_ns: 7645041785100000 ns
[    0.181766] futex hash table entries: 512 (order: 3, 32768 bytes)
[    0.184068] pinctrl core: initialized pinctrl subsystem
[    0.185505] RTC time: 22:35:32, date: 10/09/20
[    0.186432] NET: Registered protocol family 16
[    0.188065] audit: initializing netlink subsys (disabled)
[    0.189071] audit: type=2000 audit(1602282937.623:1): state=initialized audit_enabled=0 res=1
[    0.189071] cpuidle: using governor ladder
[    0.192018] cpuidle: using governor menu
[    0.193032] ACPI: bus type PCI registered
[    0.193834] acpiphp: ACPI Hot Plug PCI Controller Driver version: 0.5
[    0.195150] PCI: Using configuration type 1 for base access
[    0.196874] HugeTLB registered 2.00 MiB page size, pre-allocated 0 pages
[    0.197255] ACPI: Added _OSI(Module Device)
[    0.200009] ACPI: Added _OSI(Processor Device)
[    0.201109] ACPI: Added _OSI(3.0 _SCP Extensions)
[    0.202155] ACPI: Added _OSI(Processor Aggregator Device)
[    0.203206] ACPI: Added _OSI(Linux-Dell-Video)
[    0.204003] ACPI: Added _OSI(Linux-Lenovo-NV-HDMI-Audio)
[    0.204965] ACPI: Added _OSI(Linux-HPI-Hybrid-Graphics)
[    0.208082] ACPI: Executed 1 blocks of module-level executable AML code
[    0.213506] ACPI: Interpreter enabled
[    0.214266] ACPI: (supports S0 S5)
[    0.214959] ACPI: Using IOAPIC for interrupt routing
[    0.216259] PCI: Using host bridge windows from ACPI; if necessary, use "pci=nocrs" and report a bug
[    0.218776] ACPI: Enabled 2 GPEs in block 00 to 07
[    0.226560] ACPI: PCI Root Bridge [PCI0] (domain 0000 [bus 00-ff])
[    0.227946] acpi PNP0A03:00: _OSC: OS supports [ASPM ClockPM Segments MSI]
[    0.228395] acpi PNP0A03:00: _OSC: not requesting OS control; OS requires [ExtendedConfig ASPM ClockPM MSI]
[    0.232014] acpi PNP0A03:00: fail to add MMCONFIG information, can't access extended PCI configuration space under this bridge.
[    0.235334] PCI host bridge to bus 0000:00
[    0.236006] pci_bus 0000:00: root bus resource [io  0x0000-0x0cf7 window]
[    0.237273] pci_bus 0000:00: root bus resource [io  0x0d00-0xffff window]
[    0.238927] pci_bus 0000:00: root bus resource [mem 0x000a0000-0x000bffff window]
[    0.240004] pci_bus 0000:00: root bus resource [mem 0xe0000000-0xfdffffff window]
[    0.241586] pci_bus 0000:00: root bus resource [bus 00-ff]
[    0.245847] pci 0000:00:01.1: legacy IDE quirk: reg 0x10: [io  0x01f0-0x01f7]
[    0.247830] pci 0000:00:01.1: legacy IDE quirk: reg 0x14: [io  0x03f6]
[    0.248004] pci 0000:00:01.1: legacy IDE quirk: reg 0x18: [io  0x0170-0x0177]
[    0.249652] pci 0000:00:01.1: legacy IDE quirk: reg 0x1c: [io  0x0376]
[    0.309809] pci 0000:00:07.0: quirk: [io  0x4000-0x403f] claimed by PIIX4 ACPI
[    0.311959] pci 0000:00:07.0: quirk: [io  0x4100-0x410f] claimed by PIIX4 SMB
[    0.349204] ACPI: PCI Interrupt Link [LNKA] (IRQs 5 9 10 *11)
[    0.350933] ACPI: PCI Interrupt Link [LNKB] (IRQs 5 9 *10 11)
[    0.352050] ACPI: PCI Interrupt Link [LNKC] (IRQs 5 *9 10 11)
[    0.353649] ACPI: PCI Interrupt Link [LNKD] (IRQs 5 9 10 *11)
[    0.355067] SCSI subsystem initialized
[    0.356032] pci 0000:00:02.0: vgaarb: setting as boot VGA device
[    0.357099] pci 0000:00:02.0: vgaarb: VGA device added: decodes=io+mem,owns=io+mem,locks=none
[    0.358652] pci 0000:00:02.0: vgaarb: bridge control possible
[    0.359661] vgaarb: loaded
[    0.360031] ACPI: bus type USB registered
[    0.361300] usbcore: registered new interface driver usbfs
[    0.362330] usbcore: registered new interface driver hub
[    0.363280] usbcore: registered new device driver usb
[    0.364051] EDAC MC: Ver: 3.0.0
[    0.364918] PCI: Using ACPI for IRQ routing
[    0.365153] NetLabel: Initializing
[    0.365825] NetLabel:  domain hash size = 128
[    0.368002] NetLabel:  protocols = UNLABELED CIPSOv4 CALIPSO
[    0.369435] NetLabel:  unlabeled traffic allowed by default
[    0.370566] clocksource: Switched to clocksource kvm-clock
[    0.380976] VFS: Disk quotas dquot_6.6.0
[    0.382367] VFS: Dquot-cache hash table entries: 512 (order 0, 4096 bytes)
[    0.383648] AppArmor: AppArmor Filesystem Enabled
[    0.384623] pnp: PnP ACPI init
[    0.386936] pnp: PnP ACPI: found 3 devices
[    0.397041] clocksource: acpi_pm: mask: 0xffffff max_cycles: 0xffffff, max_idle_ns: 2085701024 ns
[    0.398909] NET: Registered protocol family 2
[    0.400136] TCP established hash table entries: 131072 (order: 8, 1048576 bytes)
[    0.403549] TCP bind hash table entries: 65536 (order: 8, 1048576 bytes)
[    0.404829] TCP: Hash tables configured (established 131072 bind 65536)
[    0.406028] UDP hash table entries: 8192 (order: 6, 262144 bytes)
[    0.407140] UDP-Lite hash table entries: 8192 (order: 6, 262144 bytes)
[    0.408366] NET: Registered protocol family 1
[    0.409198] pci 0000:00:00.0: Limiting direct PCI/PCI transfers
[    0.410402] pci 0000:00:01.0: Activating ISA DMA hang workarounds
[    0.411506] pci 0000:00:02.0: Video device with shadowed ROM at [mem 0x000c0000-0x000dffff]
[    0.413089] Unpacking initramfs...
[    0.695653] Freeing initrd memory: 19216K
[    0.696727] PCI-DMA: Using software bounce buffering for IO (SWIOTLB)
[    0.698956] software IO TLB: mapped [mem 0xdbff0000-0xdfff0000] (64MB)
[    0.700462] clocksource: tsc: mask: 0xffffffffffffffff max_cycles: 0x2135f5e6f15, max_idle_ns: 440795231538 ns
[    0.702627] platform rtc_cmos: registered platform RTC device (no PNP device found)
[    0.704492] Scanning for low memory corruption every 60 seconds
[    0.709299] Initialise system trusted keyrings
[    0.710727] Key type blacklist registered
[    0.711854] workingset: timestamp_bits=36 max_order=22 bucket_order=0
[    0.713911] zbud: loaded
[    0.714970] squashfs: version 4.0 (2009/01/31) Phillip Lougher
[    0.716231] fuse init (API version 7.26)
[    0.718821] Key type asymmetric registered
[    0.719600] Asymmetric key parser 'x509' registered
[    0.720545] Block layer SCSI generic (bsg) driver version 0.4 loaded (major 246)
[    0.722047] io scheduler noop registered
[    0.722809] io scheduler deadline registered
[    0.723636] io scheduler cfq registered (default)
[    0.724962] ACPI: AC Adapter [AC] (on-line)
[    0.725870] input: Power Button as /devices/LNXSYSTM:00/LNXPWRBN:00/input/input0
[    0.727277] ACPI: Power Button [PWRF]
[    0.728057] input: Sleep Button as /devices/LNXSYSTM:00/LNXSLPBN:00/input/input1
[    0.729416] ACPI: Sleep Button [SLPF]
[    0.731464] ACPI: Battery Slot [BAT0] (battery present)
[    0.732719] Serial: 8250/16550 driver, 32 ports, IRQ sharing enabled
[    0.755257] 00:02: ttyS0 at I/O 0x3f8 (irq = 4, base_baud = 115200) is a 16550A
[    0.759306] Linux agpgart interface v0.103
[    0.762952] loop: module loaded
[    0.764101] scsi host0: ata_piix
[    0.764822] scsi host1: ata_piix
[    0.765511] ata1: PATA max UDMA/33 cmd 0x1f0 ctl 0x3f6 bmdma 0xd000 irq 14
[    0.766740] ata2: PATA max UDMA/33 cmd 0x170 ctl 0x376 bmdma 0xd008 irq 15
[    0.768105] libphy: Fixed MDIO Bus: probed
[    0.768935] tun: Universal TUN/TAP device driver, 1.6
[    0.770213] PPP generic driver version 2.4.2
[    0.771284] ehci_hcd: USB 2.0 'Enhanced' Host Controller (EHCI) Driver
[    0.772845] ehci-pci: EHCI PCI platform driver
[    0.773799] ehci-platform: EHCI generic platform driver
[    0.775161] ohci_hcd: USB 1.1 'Open' Host Controller (OHCI) Driver
[    0.776327] ohci-pci: OHCI PCI platform driver
[    0.777168] ohci-platform: OHCI generic platform driver
[    0.778153] uhci_hcd: USB Universal Host Controller Interface driver
[    0.779602] i8042: PNP: PS/2 Controller [PNP0303:PS2K,PNP0f03:PS2M] at 0x60,0x64 irq 1,12
[    0.781539] serio: i8042 KBD port at 0x60,0x64 irq 1
[    0.782472] serio: i8042 AUX port at 0x60,0x64 irq 12
[    0.783608] mousedev: PS/2 mouse device common for all mice
[    0.785778] input: AT Translated Set 2 keyboard as /devices/platform/i8042/serio0/input/input2
[    0.788106] rtc_cmos rtc_cmos: rtc core: registered rtc_cmos as rtc0
[    0.789291] rtc_cmos rtc_cmos: alarms up to one day, 114 bytes nvram
[    0.790430] i2c /dev entries driver
[    0.791141] device-mapper: uevent: version 1.0.3
[    0.792386] device-mapper: ioctl: 4.37.0-ioctl (2017-09-20) initialised: dm-devel@redhat.com
[    0.793973] ledtrig-cpu: registered to indicate activity on CPUs
[    0.795435] NET: Registered protocol family 10
[    0.799385] Segment Routing with IPv6
[    0.800133] NET: Registered protocol family 17
[    0.801043] Key type dns_resolver registered
[    0.802104] mce: Using 0 MCE banks
[    0.802821] RAS: Correctable Errors collector initialized.
[    0.803867] sched_clock: Marking stable (802069635, 0)->(1156058258, -353988623)
[    0.805666] registered taskstats version 1
[    0.806433] Loading compiled-in X.509 certificates
[    0.810248] Loaded X.509 cert 'Build time autogenerated kernel key: 12f2d460e247d21dc5d156478bb7d4abc0f5a070'
[    0.812057] zswap: loaded using pool lzo/zbud
[    0.816242] Key type big_key registered
[    0.817136] Key type trusted registered
[    0.820829] Key type encrypted registered
[    0.821614] AppArmor: AppArmor sha1 policy hashing enabled
[    0.822604] ima: No TPM chip found, activating TPM-bypass! (rc=-19)
[    0.823773] ima: Allocated hash algorithm: sha1
[    0.824750] evm: HMAC attrs: 0x1
[    0.825907]   Magic number: 8:66:603
[    0.826692] rtc_cmos rtc_cmos: setting system clock to 2020-10-09 22:35:33 UTC (1602282933)
[    0.828328] BIOS EDD facility v0.16 2004-Jun-25, 0 devices found
[    0.829418] EDD information not available.
[    0.953255] Freeing unused kernel image memory: 2436K
[    1.772370] Write protecting the kernel read-only data: 20480k
[    1.775259] Freeing unused kernel image memory: 2008K
[    1.777030] Freeing unused kernel image memory: 1872K
[    1.784222] x86/mm: Checked W+X mappings: passed, no W+X pages found.
[    1.785454] x86/mm: Checking user space page tables
[    1.792108] x86/mm: Checked W+X mappings: passed, no W+X pages found.
Loading, please wait...
starting version 237
[    1.848938] e1000: Intel(R) PRO/1000 Network Driver - version 7.3.21-k8-NAPI
[    1.851563] e1000: Copyright (c) 1999-2006 Intel Corporation.
[    1.863144] Fusion MPT base driver 3.04.20
[    1.864334] Copyright (c) 1999-2008 LSI Corporation
[    1.878557] AVX2 version of gcm_enc/dec engaged.
[    1.880071] AES CTR mode by8 optimization enabled
[    1.883028] Fusion MPT SPI Host driver 3.04.20
[    2.076421] input: ImExPS/2 Generic Explorer Mouse as /devices/platform/i8042/serio1/input/input4
[    2.944179] e1000 0000:00:03.0 eth0: (PCI:33MHz:32-bit) 02:5a:b7:79:7b:65
[    2.946002] e1000 0000:00:03.0 eth0: Intel(R) PRO/1000 Network Connection
[    2.948506] mptbase: ioc0: Initiating bringup
[    4.245250] ioc0: LSI53C1030 A0: Capabilities={Initiator}
[    7.804330] scsi host2: ioc0: LSI53C1030 A0, FwRev=00000000h, Ports=1, MaxQ=256, IRQ=20
[    9.800411] scsi 2:0:0:0: Direct-Access     VBOX     HARDDISK         1.0  PQ: 0 ANSI: 5
[    9.832327] scsi target2:0:0: Beginning Domain Validation
[    9.835841] scsi target2:0:0: Domain Validation skipping write tests
[    9.837124] scsi target2:0:0: Ending Domain Validation
[    9.838170] scsi target2:0:0: asynchronous
[    9.839330] scsi 2:0:1:0: Direct-Access     VBOX     HARDDISK         1.0  PQ: 0 ANSI: 5
[   10.156599] scsi target2:0:1: Beginning Domain Validation
[   10.161210] random: fast init done
[   10.163226] scsi target2:0:1: Domain Validation skipping write tests
[   10.165027] scsi target2:0:1: Ending Domain Validation
[   10.166330] scsi target2:0:1: asynchronous
[   10.171776] random: systemd-udevd: uninitialized urandom read (16 bytes read)
[   10.173295] random: systemd-udevd: uninitialized urandom read (16 bytes read)
[   10.174747] random: systemd-udevd: uninitialized urandom read (16 bytes read)
[   10.176511] sd 2:0:0:0: Attached scsi generic sg0 type 0
[   10.177729] sd 2:0:1:0: Attached scsi generic sg1 type 0
[   10.178726] sd 2:0:0:0: [sda] 20971520 512-byte logical blocks: (10.7 GB/10.0 GiB)
[   10.180232] sd 2:0:0:0: [sda] Write Protect is off
[   10.181246] sd 2:0:1:0: [sdb] 20480 512-byte logical blocks: (10.5 MB/10.0 MiB)
[   10.182741] sd 2:0:1:0: [sdb] Write Protect is off
[   10.183691] sd 2:0:0:0: [sda] Incomplete mode parameter data
[   10.184808] sd 2:0:0:0: [sda] Assuming drive cache: write through
[   10.186146] sd 2:0:1:0: [sdb] Incomplete mode parameter data
[   10.187215] sd 2:0:1:0: [sdb] Assuming drive cache: write through
[   10.190718]  sda: sda1
[   10.193435] sd 2:0:0:0: [sda] Attached SCSI disk
[   10.193509] e1000 0000:00:08.0 eth1: (PCI:33MHz:32-bit) 08:00:27:ea:4e:fa
[   10.194315] sd 2:0:1:0: [sdb] Attached SCSI disk
[   10.195542] e1000 0000:00:08.0 eth1: Intel(R) PRO/1000 Network Connection
[   10.198790] e1000 0000:00:03.0 enp0s3: renamed from eth0
[   10.213435] e1000 0000:00:08.0 enp0s8: renamed from eth1
Begin: Loading essential drivers ... [   11.628167] raid6: sse2x1   gen() 12036 MB/s
[   11.676188] raid6: sse2x1   xor()  8996 MB/s
[   11.724087] raid6: sse2x2   gen() 15154 MB/s
[   11.772515] raid6: sse2x2   xor() 10051 MB/s
[   11.820332] raid6: sse2x4   gen() 17312 MB/s
[   11.868215] raid6: sse2x4   xor() 11135 MB/s
[   11.916019] raid6: avx2x1   gen() 25325 MB/s
[   11.964257] raid6: avx2x1   xor() 16646 MB/s
[   12.012107] raid6: avx2x2   gen() 27760 MB/s
[   12.060290] raid6: avx2x2   xor() 17667 MB/s
[   12.108033] raid6: avx2x4   gen() 32061 MB/s
[   12.156347] raid6: avx2x4   xor() 18155 MB/s
[   12.157570] raid6: using algorithm avx2x4 gen() 32061 MB/s
[   12.160123] raid6: .... xor() 18155 MB/s, rmw enabled
[   12.161644] raid6: using avx2x2 recovery algorithm
[   12.165004] xor: automatically using best checksumming function   avx       
[   12.169095] async_tx: api initialized (async)
done.
Begin: Running /scripts/init-premount ... done.
Begin: Mounting root file system ... Begin: Running /scripts/local-top ... done.
Begin: Running /scripts/local-premount ... [   12.223824] Btrfs loaded, crc32c=crc32c-intel
Scanning for Btrfs filesystems
done.
Warning: fsck not present, so skipping root file system
[   12.253023] EXT4-fs (sda1): mounted filesystem with ordered data mode. Opts: (null)
done.
Begin: Running /scripts/local-bottom ... done.
Begin: Running /scripts/init-bottom ... done.
[   12.390514] ip_tables: (C) 2000-2006 Netfilter Core Team
[   12.398782] systemd[1]: systemd 237 running in system mode. (+PAM +AUDIT +SELINUX +IMA +APPARMOR +SMACK +SYSVINIT +UTMP +LIBCRYPTSETUP +GCRYPT +GNUTLS +ACL +XZ +LZ4 +SECCOMP +BLKID +ELFUTILS +KMOD -IDN2 +IDN -PCRE2 default-hierarchy=hybrid)
[   12.402614] systemd[1]: Detected virtualization oracle.
[   12.403591] systemd[1]: Detected architecture x86-64.

Welcome to [1mUbuntu 18.04.5 LTS[0m!

[   12.409095] systemd[1]: Set hostname to <ubuntu>.
[   12.413202] systemd[1]: Initializing machine ID from random generator.
[   12.414424] systemd[1]: Installed transient /etc/machine-id file.
[   12.648279] systemd[1]: Set up automount Arbitrary Executable File Formats File System Automount Point.
[[0;32m  OK  [0m] Set up automount Arbitrary Executab…rmats File System Automount Point.
[   12.651366] systemd[1]: Reached target Swap.
[[0;32m  OK  [0m] Reached target Swap.
[   12.654049] systemd[1]: Created slice System Slice.
[[0;32m  OK  [0m] Created slice System Slice.
[   12.655695] systemd[1]: Listening on Syslog Socket.
[[0;32m  OK  [0m] Listening on Syslog Socket.
[[0;32m  OK  [0m] Listening on Journal Socket.
[[0;32m  OK  [0m] Listening on Journal Socket (/dev/log).
         Mounting Huge Pages File System...
         Starting Create list of required st…ce nodes for the current kernel...
[[0;32m  OK  [0m] Listening on Journal Audit Socket.
         Starting Remount Root and Kernel File Systems...
[[0;32m  OK  [0m] Created slice User and Session Slice.
[[0;32m  OK  [0m] Created slice system-serial\x2dgetty.slice.
[[0;32m  OK  [0m] Listening on Device-mapper event daemon FIFOs.
[[0;32m  OK  [0m] Listening on LVM2 metadata daemon socket.
[   12.680091] EXT4-fs (sda1): re-mounted. Opts: (null)
[[0;32m  OK  [0m] Listening on /dev/initctl Compatibility Named Pipe.
[[0;32m  OK  [0m] Listening on udev Kernel Socket.
[[0;32m  OK  [0m] Reached target Slices.
         Starting Monitoring of LVM2 mirrors…ng dmeventd or progress polling...
         Mounting Kernel Debug File System...
         Starting Uncomplicated firewall...
         Starting Load Kernel Modules...
         Starting Journal Service...
[[0;32m  OK  [0m] Reached target System Time Synchronized.
         Mounting POSIX Message Queue File System...
[[0;32m  OK  [0m] Started Forward Password Requests to Wall Directory Watch.
[[0;32m  OK  [0m] Listening on udev Control Socket.
         Starting udev Coldplug all Devices...
[[0;32m  OK  [0m] Listening on Network Service Netlink Socket.
         Starting Set the console keyboard layout...
[[0;32m  OK  [0m] Reached target User and Group Name Lookups.
[[0;32m  OK  [0m] Listening on LVM2 poll daemon socket.
[   12.730721] Loading iSCSI transport class v2.0-870.
[   12.735853] iscsi: registered transport (tcp)
[   12.750294] iscsi: registered transport (iser)
[[0;32m  OK  [0m] Started Journal Service.
[[0;32m  OK  [0m] Mounted Huge Pages File System.
[[0;32m  OK  [0m] Started Create list of required sta…vice nodes for the current kernel.
[[0;32m  OK  [0m] Started Remount Root and Kernel File Systems.
[[0;32m  OK  [0m] Mounted Kernel Debug File System.
[[0;32m  OK  [0m] Started Uncomplicated firewall.
[[0;32m  OK  [0m] Started Load Kernel Modules.
[[0;32m  OK  [0m] Mounted POSIX Message Queue File System.
[[0;32m  OK  [0m] Started LVM2 metadata daemon.
         Starting Apply Kernel Variables...
         Mounting FUSE Control File System...
         Mounting Kernel Configuration File System...
         Starting Load/Save Random Seed...
         Starting Create Static Device Nodes in /dev...
         Starting Flush Journal to Persistent Storage...
[[0;32m  OK  [0m] Started Monitoring of LVM2 mirrors,…sing dmeventd or progress polling.
[[0;32m  OK  [0m] Mounted FUSE Control File System.
[[0;32m  OK  [0m] Mounted Kernel Configuration File System.
[[0;32m  OK  [0m] Started Load/Save Random Seed.
[[0;32m  OK  [0m] Started udev Coldplug all Devices.
[[0;32m  OK  [0m] Started Create Static Device Nodes in /dev.
         Starting udev Kernel Device Manager...
[[0;32m  OK  [0m] Started Apply Kernel Variables.
[[0;32m  OK  [0m] Started udev Kernel Device Manager.
[[0;32m  OK  [0m] Started Flush Journal to Persistent Storage.
[[0;32m  OK  [0m] Found device /dev/ttyS0.
[[0;32m  OK  [0m] Listening on Load/Save RF Kill Switch Status /dev/rfkill Watch.
[[0;32m  OK  [0m] Started Set the console keyboard layout.
[[0;32m  OK  [0m] Started Dispatch Password Requests to Console Directory Watch.
[[0;32m  OK  [0m] Reached target Local Encrypted Volumes.
[[0;32m  OK  [0m] Reached target Local File Systems (Pre).
[[0;32m  OK  [0m] Reached target Local File Systems.
         Starting ebtables ruleset management...
         Starting Set console font and keymap...
         Starting Tell Plymouth To Write Out Runtime Data...
         Starting Create Volatile Files and Directories...
         Starting AppArmor initialization...
         Starting Commit a transient machine-id on disk...
[[0;32m  OK  [0m] Started Set console font and keymap.
[[0;32m  OK  [0m] Started Tell Plymouth To Write Out Runtime Data.
[[0;32m  OK  [0m] Started Create Volatile Files and Directories.
         Starting Update UTMP about System Boot/Shutdown...
[[0;32m  OK  [0m] Started ebtables ruleset management.
[[0;32m  OK  [0m] Started Commit a transient machine-id on disk.
[[0;32m  OK  [0m] Started Update UTMP about System Boot/Shutdown.
[[0;32m  OK  [0m] Started AppArmor initialization.
         Starting Initial cloud-init job (pre-networking)...
         Starting Load AppArmor profiles managed internally by snapd...
[[0;32m  OK  [0m] Started Load AppArmor profiles managed internally by snapd.
[   15.212526] cloud-init[690]: Cloud-init v. 20.3-2-g371b392c-0ubuntu1~18.04.1 running 'init-local' at Fri, 09 Oct 2020 22:35:47 +0000. Up 14.89 seconds.
[[0;32m  OK  [0m] Started Initial cloud-init job (pre-networking).
[[0;32m  OK  [0m] Reached target Network (Pre).
         Starting Network Service...
[[0;32m  OK  [0m] Started Network Service.
         Starting Network Name Resolution...
         Starting Wait for Network to be Configured...
[[0;32m  OK  [0m] Started Network Name Resolution.
[[0;32m  OK  [0m] Reached target Network.
[[0;32m  OK  [0m] Reached target Host and Network Name Lookups.
[[0;32m  OK  [0m] Started Wait for Network to be Configured.
         Starting Initial cloud-init job (metadata service crawler)...
[   17.157160] cloud-init[838]: Cloud-init v. 20.3-2-g371b392c-0ubuntu1~18.04.1 running 'init' at Fri, 09 Oct 2020 22:35:49 +0000. Up 17.04 seconds.
[   17.158818] cloud-init[838]: ci-info: ++++++++++++++++++++++++++++++++++++++Net device info+++++++++++++++++++++++++++++++++++++++
[   17.160617] cloud-init[838]: ci-info: +--------+-------+----------------------------+---------------+--------+-------------------+
[   17.162347] cloud-init[838]: ci-info: | Device |   Up  |          Address           |      Mask     | Scope  |     Hw-Address    |
[   17.164299] cloud-init[838]: ci-info: +--------+-------+----------------------------+---------------+--------+-------------------+
[   17.166069] cloud-init[838]: ci-info: | enp0s3 |  True |         10.0.2.15          | 255.255.255.0 | global | 02:5a:b7:79:7b:65 |
[   17.167977] cloud-init[838]: ci-info: | enp0s3 |  True | fe80::5a:b7ff:fe79:7b65/64 |       .       |  link  | 02:5a:b7:79:7b:65 |
[   17.181106] cloud-init[838]: ci-info: | enp0s8 | False |             .              |       .       |   .    | 08:00:27:ea:4e:fa |
[   17.183062] cloud-init[838]: ci-info: |   lo   |  True |         127.0.0.1          |   255.0.0.0   |  host  |         .         |
[   17.184960] cloud-init[838]: ci-info: |   lo   |  True |          ::1/128           |       .       |  host  |         .         |
[   17.186830] cloud-init[838]: ci-info: +--------+-------+----------------------------+---------------+--------+-------------------+
[   17.188572] cloud-init[838]: ci-info: ++++++++++++++++++++++++++++Route IPv4 info+++++++++++++++++++++++++++++
[   17.190256] cloud-init[838]: ci-info: +-------+-------------+----------+-----------------+-----------+-------+
[   17.204587] cloud-init[838]: ci-info: | Route | Destination | Gateway  |     Genmask     | Interface | Flags |
[   17.205835] cloud-init[838]: ci-info: +-------+-------------+----------+-----------------+-----------+-------+
[   17.207331] cloud-init[838]: ci-info: |   0   |   0.0.0.0   | 10.0.2.2 |     0.0.0.0     |   enp0s3  |   UG  |
[   17.211236] cloud-init[838]: ci-info: |   1   |   10.0.2.0  | 0.0.0.0  |  255.255.255.0  |   enp0s3  |   U   |
[   17.212930] cloud-init[838]: ci-info: |   2   |   10.0.2.2  | 0.0.0.0  | 255.255.255.255 |   enp0s3  |   UH  |
[   17.214459] cloud-init[838]: ci-info: +-------+-------------+----------+-----------------+-----------+-------+
[   17.215989] cloud-init[838]: ci-info: +++++++++++++++++++Route IPv6 info+++++++++++++++++++
[   17.217289] cloud-init[838]: ci-info: +-------+-------------+---------+-----------+-------+
[   17.218607] cloud-init[838]: ci-info: | Route | Destination | Gateway | Interface | Flags |
[   17.219789] cloud-init[838]: ci-info: +-------+-------------+---------+-----------+-------+
[   17.221170] cloud-init[838]: ci-info: |   1   |  fe80::/64  |    ::   |   enp0s3  |   U   |
[   17.222450] cloud-init[838]: ci-info: |   3   |    local    |    ::   |   enp0s3  |   U   |
[   17.223713] cloud-init[838]: ci-info: |   4   |   ff00::/8  |    ::   |   enp0s3  |   U   |
[   17.224988] cloud-init[838]: ci-info: +-------+-------------+---------+-----------+-------+
[   17.813044] cloud-init[838]: Generating public/private rsa key pair.
[   17.813909] cloud-init[838]: Your identification has been saved in /etc/ssh/ssh_host_rsa_key.
[   17.814704] cloud-init[838]: Your public key has been saved in /etc/ssh/ssh_host_rsa_key.pub.
[   17.816204] cloud-init[838]: The key fingerprint is:
[   17.817010] cloud-init[838]: SHA256:z4zzIOgiz/aAsQSVSUIlLrrSDMXyn3XS3UcAyukyFDE root@ubuntu-bionic
[   17.818369] cloud-init[838]: The key's randomart image is:
[   17.819273] cloud-init[838]: +---[RSA 2048]----+
[   17.820020] cloud-init[838]: |o+++  E.  ...    |
[   17.820775] cloud-init[838]: |.++    + o   .   |
[   17.821506] cloud-init[838]: |+.o   . +     .  |
[   17.822240] cloud-init[838]: |++   . o . . .   |
[   17.822969] cloud-init[838]: |+..   = S . . .  |
[   17.823696] cloud-init[838]: |.O . + = =   .   |
[   17.824523] cloud-init[838]: |= + + . + +      |
[   17.825154] cloud-init[838]: |o.oo   . +       |
[   17.825881] cloud-init[838]: | +ooo     .      |
[   17.826606] cloud-init[838]: +----[SHA256]-----+
[   17.827333] cloud-init[838]: Generating public/private dsa key pair.
[   17.828304] cloud-init[838]: Your identification has been saved in /etc/ssh/ssh_host_dsa_key.
[   17.829590] cloud-init[838]: Your public key has been saved in /etc/ssh/ssh_host_dsa_key.pub.
[   17.830892] cloud-init[838]: The key fingerprint is:
[   17.831707] cloud-init[838]: SHA256:OthFYOtuL5jnWx3kKwV6+J+wy2xpZqeD/siy1eenhPQ root@ubuntu-bionic
[   17.833375] cloud-init[838]: The key's randomart image is:
[   17.834336] cloud-init[838]: +---[DSA 1024]----+
[   17.835163] cloud-init[838]: |      o          |
[   17.836030] cloud-init[838]: |     . o         |
[   17.837039] cloud-init[838]: |      . o .      |
[   17.837841] cloud-init[838]: |     . + +       |
[   17.838589] cloud-init[838]: |      + S +      |
[   17.839334] cloud-init[838]: |     + B = o     |
[   17.840441] cloud-init[838]: |    .oB.B.E      |
[   17.841200] cloud-init[838]: |    +++BBO...    |
[   17.841930] cloud-init[838]: |    .**OO==o     |
[   17.842659] cloud-init[838]: +----[SHA256]-----+
[   17.843385] cloud-init[838]: Generating public/private ecdsa key pair.
[   17.844412] cloud-init[838]: Your identification has been saved in /etc/ssh/ssh_host_ecdsa_key.
[   17.845764] cloud-init[838]: Your public key has been saved in /etc/ssh/ssh_host_ecdsa_key.pub.
[   17.847027] cloud-init[838]: The key fingerprint is:
[   17.847811] cloud-init[838]: SHA256:EskfFhuqmKDi/EnOd06fHI772y/EUtDJkItlaaxgbHE root@ubuntu-bionic
[   17.849173] cloud-init[838]: The key's randomart image is:
[   17.850015] cloud-init[838]: +---[ECDSA 256]---+
[   17.850747] cloud-init[838]: |    ...E+.* .    |
[   17.851472] cloud-init[838]: |     *.o % +     |
[   17.852435] cloud-init[838]: |.   o * X o      |
[   17.853242] cloud-init[838]: |.. o . * o .     |
[   17.853993] cloud-init[838]: |o o . . S o      |
[   17.854741] cloud-init[838]: |+      . . o     |
[   17.855479] cloud-init[838]: | o .   . .o      |
[   17.856228] cloud-init[838]: |  = ....= +.     |
[   17.856952] cloud-init[838]: |   =. o+oB..o.   |
[   17.857679] cloud-init[838]: +----[SHA256]-----+
[   17.858401] cloud-init[838]: Generating public/private ed25519 key pair.
[   17.859433] cloud-init[838]: Your identification has been saved in /etc/ssh/ssh_host_ed25519_key.
[   17.860734] cloud-init[838]: Your public key has been saved in /etc/ssh/ssh_host_ed25519_key.pub.
[   17.862120] cloud-init[838]: The key fingerprint is:
[   17.863224] cloud-init[838]: SHA256:/UJCXiM40dwWxjaJ+/u1MgYr/TCDiePnnVx4OA1a1Gk root@ubuntu-bionic
[   17.864691] cloud-init[838]: The key's randomart image is:
[   17.865607] cloud-init[838]: +--[ED25519 256]--+
[   17.866354] cloud-init[838]: |      .o +oo     |
[   17.867096] cloud-init[838]: |       o+.B. .   |
[   17.867856] cloud-init[838]: |      o o++.E    |
[   17.868623] cloud-init[838]: |       +.= o     |
[   17.880632] cloud-init[838]: |        S.=      |
[   17.894147] cloud-init[838]: |       . Bo*     |
[   17.904496] cloud-init[838]: |      o +.O+= .  |
[   17.905149] cloud-init[838]: |     . .oo+X+. . |
[[0;32m  OK  [0m] Started Initial cloud-init job (metadata service crawler).
[[0;32m  OK  [0m] Reached target System Initialization.
[   17.922871] [[0;32m  OK  [0m] Started Message of the Day.
[[0;32m  OK  [0m] Listening on ACPID Listen Socket.
cloud-init[838]: |      .o..++oo.  |
[[0;32m  OK  [0m] Started Discard unused blocks once a week.
[[0;32m  OK  [0m] Started Daily Cleanup of Temporary Directories.
[[0;32m  OK  [0m] Started Daily apt download activities.
[   18.030393] cloud-init[838]: +----[SHA256]-----+
[[0;32m  OK  [0m] Listening on D-Bus System Message Bus Socket.
[[0;32m  OK  [0m] Started Daily apt upgrade and clean activities.
         Starting Socket activation for snappy daemon.
[[0;32m  OK  [0m] Started ACPI Events Check.
[[0;32m  OK  [0m] Reached target Paths.
[[0;32m  OK  [0m] Listening on UUID daemon activation socket.
[[0;32m  OK  [0m] Reached target Timers.
         Starting LXD - unix socket.
[[0;32m  OK  [0m] Listening on Open-iSCSI iscsid Socket.
[[0;32m  OK  [0m] Reached target Cloud-config availability.
[[0;32m  OK  [0m] Reached target Network is Online.
[[0;32m  OK  [0m] Reached target Remote File Systems (Pre).
[[0;32m  OK  [0m] Reached target Remote File Systems.
         Starting Availability of block devices...
[[0;32m  OK  [0m] Listening on Socket activation for snappy daemon.
[[0;32m  OK  [0m] Listening on LXD - unix socket.
[[0;32m  OK  [0m] Reached target Sockets.
[[0;32m  OK  [0m] Reached target Basic System.
[[0;32m  OK  [0m] Started D-Bus System Message Bus.
[[0;32m  OK  [0m] Started Regular background program processing daemon.
         Starting Pollinate to seed the pseudo random number generator...
         Starting Virtualbox guest utils...
[[0;32m  OK  [0m] Started Deferred execution scheduler.
         Starting LSB: automatic crash report generation...
         Starting LSB: Record successful boot for GRUB...
[[0;32m  OK  [0m] Started FUSE filesystem for LXC.
         Starting Permit User Sessions...
         Starting Snap Daemon...
         Starting System Logging Service...
         Starting LXD - container startup/shutdown...
[[0;32m  OK  [0m] Started irqbalance daemon.
         Starting Login Service...
         Starting Dispatcher daemon for systemd-networkd...
         Starting Accounts Service...
[[0;32m  OK  [0m] Started Availability of block devices.
[[0;32m  OK  [0m] Started Permit User Sessions.
         Starting Terminate Plymouth Boot Screen...
         Starting Hold until boot process finishes up...
[[0;32m  OK  [0m] Started Hold until boot process finishes up.
         Starting Set console scheme...
[[0;32m  OK  [0m] Started Serial Getty on ttyS0.
[[0;32m  OK  [0m] Started Terminate Plymouth Boot Screen.
[[0;32m  OK  [0m] Started System Logging Service.
[[0;32m  OK  [0m] Started Login Service.
[[0;32m  OK  [0m] Started Set console scheme.
[[0;32m  OK  [0m] Created slice system-getty.slice.
[[0;32m  OK  [0m] Started Getty on tty1.
[[0;32m  OK  [0m] Reached target Login Prompts.
[[0;32m  OK  [0m] Started Unattended Upgrades Shutdown.
[[0;32m  OK  [0m] Started LSB: automatic crash report generation.
[[0;32m  OK  [0m] Started Virtualbox guest utils.
[[0;32m  OK  [0m] Started LSB: Record successful boot for GRUB.
         Starting Authorization Manager...
[[0;32m  OK  [0m] Started Authorization Manager.
[[0;32m  OK  [0m] Started Accounts Service.
[[0;32m  OK  [0m] Started LXD - container startup/shutdown.
[[0;32m  OK  [0m] Started Dispatcher daemon for systemd-networkd.
[[0;32m  OK  [0m] Started Snap Daemon.
         Starting Wait until snapd is fully seeded...
[[0;32m  OK  [0m] Started Wait until snapd is fully seeded.
         Starting Apply the settings specified in cloud-config...
[   21.875292] cloud-init[1293]: Cloud-init v. 20.3-2-g371b392c-0ubuntu1~18.04.1 running 'modules:config' at Fri, 09 Oct 2020 22:35:54 +0000. Up 21.53 seconds.
[[0;32m  OK  [0m] Started Apply the settings specified in cloud-config.

Ubuntu 18.04.5 LTS ubuntu-bionic ttyS0

ubuntu-bionic login: ci-info: no authorized SSH keys fingerprints found for user ubuntu.
<14>Oct  9 22:35:58 ec2: 
<14>Oct  9 22:35:58 ec2: #############################################################
<14>Oct  9 22:35:58 ec2: -----BEGIN SSH HOST KEY FINGERPRINTS-----
<14>Oct  9 22:35:58 ec2: 1024 SHA256:OthFYOtuL5jnWx3kKwV6+J+wy2xpZqeD/siy1eenhPQ root@ubuntu-bionic (DSA)
<14>Oct  9 22:35:58 ec2: 256 SHA256:EskfFhuqmKDi/EnOd06fHI772y/EUtDJkItlaaxgbHE root@ubuntu-bionic (ECDSA)
<14>Oct  9 22:35:58 ec2: 256 SHA256:/UJCXiM40dwWxjaJ+/u1MgYr/TCDiePnnVx4OA1a1Gk root@ubuntu-bionic (ED25519)
<14>Oct  9 22:35:58 ec2: 2048 SHA256:z4zzIOgiz/aAsQSVSUIlLrrSDMXyn3XS3UcAyukyFDE root@ubuntu-bionic (RSA)
<14>Oct  9 22:35:58 ec2: -----END SSH HOST KEY FINGERPRINTS-----
<14>Oct  9 22:35:58 ec2: #############################################################
-----BEGIN SSH HOST KEY KEYS-----
ecdsa-sha2-nistp256 AAAAE2VjZHNhLXNoYTItbmlzdHAyNTYAAAAIbmlzdHAyNTYAAABBBLcu0bXjmK8cfcyLZWXkAKBjcOirIhIA1iI2NUupEyDPczzQ9ktbSn4PVU3BINL+GfvMJ0BVtynNt4Ut3SgI3Ck= root@ubuntu-bionic
ssh-ed25519 AAAAC3NzaC1lZDI1NTE5AAAAIEzWmI603SkdTVBkr9FMpPyGds6s8wFspwJIEv2BHl1h root@ubuntu-bionic
ssh-rsa AAAAB3NzaC1yc2EAAAADAQABAAABAQC8fpH3cxn31DMgvslmhjhClDMEg+be3Gxl4Ejk8ji41kqTuyUsc3Op1ugxt9HqN28GujD4MNLw6sYR7ddVvYcMxJwifG2Di1mBeH7CG5aCiVSqnmYZ9XKRBTCoJKdSeqdzlZVY86IsxRXhGM1MrnGmCQB6Uw4DzTWj+sIDGA0kmYIT//OPRquofmOMe6f5cZO0nc8VqAv/dEpvxjt3E9WY+I0FqKZkVI6ouDa0HOE3Ti99nNzxRZ6fPhACxys6yKI3A5HcwDHjsUm/Bve8DoKN4Q/BL4Pq3ltoToZj+yrsEe1kIY15RlybW1PM3Q/madJNOZyALbxN4Hrc+duGyUWp root@ubuntu-bionic
-----END SSH HOST KEY KEYS-----
[   25.645109] cloud-init[1389]: Cloud-init v. 20.3-2-g371b392c-0ubuntu1~18.04.1 running 'modules:final' at Fri, 09 Oct 2020 22:35:58 +0000. Up 25.41 seconds.
[   25.647045] cloud-init[1389]: ci-info: no authorized SSH keys fingerprints found for user ubuntu.
[   25.651067] cloud-init[1389]: Cloud-init v. 20.3-2-g371b392c-0ubuntu1~18.04.1 finished at Fri, 09 Oct 2020 22:35:58 +0000. Datasource DataSourceNoCloud [seed=/dev/sdb][dsmode=net].  Up 25.63 seconds
